
> evoca@0.1.0 build
> next build

Ôû▓ Next.js 16.1.6 (Turbopack)
- Environments: .env

  Creating an optimized production build ...
Ô£ô Compiled successfully in 15.0s
  Running TypeScript ...
node.exe : Failed to compile.
At C:\Program Files\nodejs\npm.ps1:29 
char:3
+   & $NODE_EXE $NPM_CLI_JS $args
+   ~~~~~~~~~~~~~~~~~~~~~~~~~~~~~
    + CategoryInfo          : NotSpecif 
   ied: (Failed to compile.:String) []  
  , RemoteException
    + FullyQualifiedErrorId : NativeCom 
   mandError
 

.next/dev/types/validator.ts:139:31
Type error: Type 'typeof import("C:/Proj
ek-projek/CAN_CREATIVE/evoca/app/ai-read
er/[id]/layout")' does not satisfy the 
constraint 
'LayoutConfig<"/ai-reader/[id]">'.
  Types of property 'default' are 
incompatible.
    Type '({ children, params, }: { 
children: ReactNode; params: { id: 
string; }; }) => Element' is not 
assignable to type 'ComponentType<Layout
Props<"/ai-reader/[id]">> | ((props: 
LayoutProps<"/ai-reader/[id]">) => void 
| ReactNode | Promise<...> | 
Promise<...>)'.
      Type '({ children, params, }: { 
children: ReactNode; params: { id: 
string; }; }) => Element' is not 
assignable to type 'FunctionComponent<La
youtProps<"/ai-reader/[id]">>'.
        Types of parameters '__0' and 
'props' are incompatible.
          Type 
'LayoutProps<"/ai-reader/[id]">' is not 
assignable to type '{ children: 
ReactNode; params: { id: string; }; }'.
            Types of property 'params' 
are incompatible.
              Property 'id' is missing 
in type 'Promise<{ id: string; }>' but 
required in type '{ id: string; }'.

[0m [90m 137 |[39m   type __IsExpecte
d[33m<[39m[33mSpecific[39m 
[36mextends[39m [33mLayoutConfig[39m
[33m<[39m[32m"/ai-reader/[id]"[39m[
33m>>[39m [33m=[39m 
[33mSpecific[39m
 [90m 138 |[39m   [36mconst[39m 
handler [33m=[39m {} [36mas[39m 
[36mtypeof[39m [36mimport[39m([32m"
../../../app/ai-reader/[id]/layout.js"[
39m)
[31m[1m>[22m[39m[90m 139 |[39m   
type __Check [33m=[39m 
__IsExpected[33m<[39m[36mtypeof[39m 
handler[33m>[39m
 [90m     |[39m                       
        [31m[1m^[22m[39m
 [90m 140 |[39m   [90m// 
@ts-ignore[39m
 [90m 141 |[39m   type __Unused 
[33m=[39m __Check
 [90m 142 |[39m }[0m
Next.js build worker exited with code: 
1 and signal: null
